d:\work\10_yolov8\yolov8_tensorrt-main\build\yolov8.dir\release\utils.obj
d:\work\10_yolov8\yolov8_tensorrt-main\build\yolov8.dir\release\model.obj
d:\work\10_yolov8\yolov8_tensorrt-main\build\yolov8.dir\release\calibrator.obj
d:\work\10_yolov8\yolov8_tensorrt-main\build\yolov8.dir\release\block.obj
d:\work\10_yolov8\yolov8_tensorrt-main\build\yolov8.dir\release\main.obj
yolov8.dir\release\process.obj
d:\work\10_yolov8\yolov8_tensorrt-main\build\cmakefiles\generate.stamp
d:\work\10_yolov8\yolov8_tensorrt-main\build\release\yolov8.exe
d:\work\10_yolov8\yolov8_tensorrt-main\build\release\yolov8.lib
d:\work\10_yolov8\yolov8_tensorrt-main\build\release\yolov8.exp
d:\work\10_yolov8\yolov8_tensorrt-main\build\yolov8.dir\release\process.cu.cache
d:\work\10_yolov8\yolov8_tensorrt-main\build\yolov8.dir\release\process.obj
d:\work\10_yolov8\yolov8_tensorrt-main\build\yolov8.dir\release\yolov8.tlog\cl.command.1.tlog
d:\work\10_yolov8\yolov8_tensorrt-main\build\yolov8.dir\release\yolov8.tlog\cl.read.1.tlog
d:\work\10_yolov8\yolov8_tensorrt-main\build\yolov8.dir\release\yolov8.tlog\cl.write.1.tlog
d:\work\10_yolov8\yolov8_tensorrt-main\build\yolov8.dir\release\yolov8.tlog\cudacompile.read.1u.tlog
d:\work\10_yolov8\yolov8_tensorrt-main\build\yolov8.dir\release\yolov8.tlog\cudacompile.write.1u.tlog
d:\work\10_yolov8\yolov8_tensorrt-main\build\yolov8.dir\release\yolov8.tlog\custombuild.command.1.tlog
d:\work\10_yolov8\yolov8_tensorrt-main\build\yolov8.dir\release\yolov8.tlog\custombuild.read.1.tlog
d:\work\10_yolov8\yolov8_tensorrt-main\build\yolov8.dir\release\yolov8.tlog\custombuild.write.1.tlog
d:\work\10_yolov8\yolov8_tensorrt-main\build\yolov8.dir\release\yolov8.tlog\link.command.1.tlog
d:\work\10_yolov8\yolov8_tensorrt-main\build\yolov8.dir\release\yolov8.tlog\link.read.1.tlog
d:\work\10_yolov8\yolov8_tensorrt-main\build\yolov8.dir\release\yolov8.tlog\link.write.1.tlog
d:\work\10_yolov8\yolov8_tensorrt-main\build\yolov8.dir\release\yolov8.tlog\yolov8.write.1u.tlog
